Unity Editor version:    2022.3.12f1 (4fe6e059c7ef)
Branch:                  2022.3/release
Build type:              Release
Batch mode:              YES
macOS version:           Version 14.1.2 (Build 23B92)
Darwin version:          23.1.0
Architecture:            arm64
Running under Rosetta:   NO
Available memory:        32768 MB
Using pre-set license
Pro License: YES

COMMAND LINE ARGUMENTS:
/Applications/Unity/Hub/Editor/2022.3.12f1/Unity.app/Contents/MacOS/Unity
-adb2
-batchMode
-noUpm
-name
AssetImportWorker0
-projectPath
/Users/fernandoserrano-zapeda114/Documents/Final-Fall-Semester-P4/Final Mini Game
-logFile
Logs/AssetImportWorker0.log
-srvPort
49694
Successfully changed project path to: /Users/fernandoserrano-zapeda114/Documents/Final-Fall-Semester-P4/Final Mini Game
/Users/fernandoserrano-zapeda114/Documents/Final-Fall-Semester-P4/Final Mini Game
[UnityMemory] Configuration Parameters - Can be set up in boot.config
    "memorysetup-bucket-allocator-granularity=16"
    "memorysetup-bucket-allocator-bucket-count=8"
    "memorysetup-bucket-allocator-block-size=33554432"
    "memorysetup-bucket-allocator-block-count=8"
    "memorysetup-main-allocator-block-size=16777216"
    "memorysetup-thread-allocator-block-size=16777216"
    "memorysetup-gfx-main-allocator-block-size=16777216"
    "memorysetup-gfx-thread-allocator-block-size=16777216"
    "memorysetup-cache-allocator-block-size=4194304"
    "memorysetup-typetree-allocator-block-size=2097152"
    "memorysetup-profiler-bucket-allocator-granularity=16"
    "memorysetup-profiler-bucket-allocator-bucket-count=8"
    "memorysetup-profiler-bucket-allocator-block-size=33554432"
    "memorysetup-profiler-bucket-allocator-block-count=8"
    "memorysetup-profiler-allocator-block-size=16777216"
    "memorysetup-profiler-editor-allocator-block-size=1048576"
    "memorysetup-temp-allocator-size-main=16777216"
    "memorysetup-job-temp-allocator-block-size=2097152"
    "memorysetup-job-temp-allocator-block-size-background=1048576"
    "memorysetup-job-temp-allocator-reduction-small-platforms=262144"
    "memorysetup-allocator-temp-initial-block-size-main=262144"
    "memorysetup-allocator-temp-initial-block-size-worker=262144"
    "memorysetup-temp-allocator-size-background-worker=32768"
    "memorysetup-temp-allocator-size-job-worker=262144"
    "memorysetup-temp-allocator-size-preload-manager=33554432"
    "memorysetup-temp-allocator-size-nav-mesh-worker=65536"
    "memorysetup-temp-allocator-size-audio-worker=65536"
    "memorysetup-temp-allocator-size-cloud-worker=32768"
    "memorysetup-temp-allocator-size-gi-baking-worker=262144"
    "memorysetup-temp-allocator-size-gfx=262144"
Player connection [7959846592] Host "[IP] 10.94.10.121 [Port] 0 [Flags] 2 [Guid] 3984569215 [EditorId] 3984569215 [Version] 1048832 [Id] OSXEditor(0,mac-studio.rusd.edu) [Debug] 1 [PackageName] OSXEditor [ProjectName] Editor" joined multi-casting on [225.0.0.222:54997]...

Player connection [7959846592] Host "[IP] 10.94.10.121 [Port] 0 [Flags] 2 [Guid] 3984569215 [EditorId] 3984569215 [Version] 1048832 [Id] OSXEditor(0,mac-studio.rusd.edu) [Debug] 1 [PackageName] OSXEditor [ProjectName] Editor" joined alternative multi-casting on [225.0.0.222:34997]...

[Physics::Module] Initialized MultithreadedJobDispatcher with 11 workers.
Refreshing native plugins compatible for Editor in 2.10 ms, found 2 plugins.
Preloading 0 native plugins for Editor in 0.00 ms.
Initialize engine version: 2022.3.12f1 (4fe6e059c7ef)
[Subsystems] Discovering subsystems at path /Applications/Unity/Hub/Editor/2022.3.12f1/Unity.app/Contents/Resources/UnitySubsystems
[Subsystems] Discovering subsystems at path /Users/fernandoserrano-zapeda114/Documents/Final-Fall-Semester-P4/Final Mini Game/Assets
GfxDevice: creating device client; threaded=0; jobified=0
 preferred device: Apple M2 Max (high power)
Metal devices available: 1
0: Apple M2 Max (high power)
Using device Apple M2 Max (high power)
Initializing Metal device caps: Apple M2 Max
Initialize mono
Mono path[0] = '/Applications/Unity/Hub/Editor/2022.3.12f1/Unity.app/Contents/Managed'
Mono path[1] = '/Applications/Unity/Hub/Editor/2022.3.12f1/Unity.app/Contents/MonoBleedingEdge/lib/mono/unityjit-macos'
Mono config path = '/Applications/Unity/Hub/Editor/2022.3.12f1/Unity.app/Contents/MonoBleedingEdge/etc'
Using monoOptions --debugger-agent=transport=dt_socket,embedding=1,server=y,suspend=n,address=127.0.0.1:56075
Begin MonoManager ReloadAssembly
Registering precompiled unity dll's ...
Register platform support module: /Applications/Unity/Hub/Editor/2022.3.12f1/PlaybackEngines/WebGLSupport/UnityEditor.WebGL.Extensions.dll
Register platform support module: /Applications/Unity/Hub/Editor/2022.3.12f1/Unity.app/Contents/PlaybackEngines/MacStandaloneSupport/UnityEditor.OSXStandalone.Extensions.dll
Registered in 0.000878 seconds.
- Loaded All Assemblies, in  0.170 seconds
Native extension for OSXStandalone target not found
Native extension for WebGL target not found
Mono: successfully reloaded assembly
- Finished resetting the current domain, in  0.127 seconds
Domain Reload Profiling: 298ms
	BeginReloadAssembly (39ms)
		ExecutionOrderSort (0ms)
		DisableScriptedObjects (0ms)
		BackupInstance (0ms)
		ReleaseScriptingObjects (0ms)
		CreateAndSetChildDomain (0ms)
	RebuildCommonClasses (20ms)
	RebuildNativeTypeToScriptingClass (7ms)
	initialDomainReloadingComplete (24ms)
	LoadAllAssembliesAndSetupDomain (79ms)
		LoadAssemblies (39ms)
		RebuildTransferFunctionScriptingTraits (0ms)
		AnalyzeDomain (78ms)
			TypeCache.Refresh (78ms)
				TypeCache.ScanAssembly (70ms)
			ScanForSourceGeneratedMonoScriptInfo (0ms)
			ResolveRequiredComponents (0ms)
	FinalizeReload (128ms)
		ReleaseScriptCaches (0ms)
		RebuildScriptCaches (0ms)
		SetupLoadedEditorAssemblies (94ms)
			LogAssemblyErrors (0ms)
			InitializePlatformSupportModulesInManaged (4ms)
			SetLoadedEditorAssemblies (3ms)
			RefreshPlugins (0ms)
			BeforeProcessingInitializeOnLoad (1ms)
			ProcessInitializeOnLoadAttributes (63ms)
			ProcessInitializeOnLoadMethodAttributes (23ms)
			AfterProcessingInitializeOnLoad (0ms)
			EditorAssembliesLoaded (0ms)
		ExecutionOrderSort2 (0ms)
		AwakeInstancesAfterBackupRestoration (0ms)
========================================================================
Worker process is ready to serve import requests
Begin MonoManager ReloadAssembly
- Loaded All Assemblies, in  0.302 seconds
Refreshing native plugins compatible for Editor in 0.70 ms, found 2 plugins.
Native extension for OSXStandalone target not found
Native extension for WebGL target not found
Package Manager log level set to [2]
[Package Manager] Server::EnsureServerProcessIsRunning -- launch failed, reason: Unity was launched with the -noUpm command-line argument
[Package Manager] UpmClient::Send -- Unable to send message (not connected to UPM process).
[Package Manager] Cannot connect to Unity Package Manager local server
Mono: successfully reloaded assembly
- Finished resetting the current domain, in  0.269 seconds
Domain Reload Profiling: 571ms
	BeginReloadAssembly (63ms)
		ExecutionOrderSort (0ms)
		DisableScriptedObjects (3ms)
		BackupInstance (0ms)
		ReleaseScriptingObjects (0ms)
		CreateAndSetChildDomain (16ms)
	RebuildCommonClasses (20ms)
	RebuildNativeTypeToScriptingClass (7ms)
	initialDomainReloadingComplete (19ms)
	LoadAllAssembliesAndSetupDomain (193ms)
		LoadAssemblies (124ms)
		RebuildTransferFunctionScriptingTraits (0ms)
		AnalyzeDomain (95ms)
			TypeCache.Refresh (87ms)
				TypeCache.ScanAssembly (79ms)
			ScanForSourceGeneratedMonoScriptInfo (5ms)
			ResolveRequiredComponents (2ms)
	FinalizeReload (270ms)
		ReleaseScriptCaches (0ms)
		RebuildScriptCaches (0ms)
		SetupLoadedEditorAssemblies (195ms)
			LogAssemblyErrors (0ms)
			InitializePlatformSupportModulesInManaged (2ms)
			SetLoadedEditorAssemblies (2ms)
			RefreshPlugins (0ms)
			BeforeProcessingInitializeOnLoad (26ms)
			ProcessInitializeOnLoadAttributes (156ms)
			ProcessInitializeOnLoadMethodAttributes (9ms)
			AfterProcessingInitializeOnLoad (1ms)
			EditorAssembliesLoaded (0ms)
		ExecutionOrderSort2 (0ms)
		AwakeInstancesAfterBackupRestoration (2ms)
Launching external process: /Applications/Unity/Hub/Editor/2022.3.12f1/Unity.app/Contents/Tools/UnityShaderCompiler
Launched and connected shader compiler UnityShaderCompiler after 0.05 seconds
Refreshing native plugins compatible for Editor in 0.78 ms, found 2 plugins.
Preloading 0 native plugins for Editor in 0.00 ms.
Unloading 3082 Unused Serialized files (Serialized files now loaded: 0)
Unloading 32 unused Assets / (51.1 KB). Loaded Objects now: 3543.
Memory consumption went from 125.6 MB to 125.6 MB.
Total: 2.076250 ms (FindLiveObjects: 0.097583 ms CreateObjectMapping: 0.048417 ms MarkObjects: 1.867291 ms  DeleteObjects: 0.062458 ms)

AssetImportParameters requested are different than current active one (requested -> active):
  custom:container-demuxer-ogg: 62fdf1f143b41e24485cea50d1cbac27 -> 
  custom:video-decoder-ogg-theora: a1e56fd34408186e4bbccfd4996cb3dc -> 
  custom:CustomObjectIndexerAttribute: 756ad292c208cfabdd7b50bc23989ffe -> 
  custom:container-demuxer-webm: 4f35f7cbe854078d1ac9338744f61a02 -> 
  custom:container-muxer-webm: aa71ff27fc2769a1b78a27578f13a17b -> 
  custom:video-decoder-webm-vp8: 9c59270c3fd7afecdb556c50c9e8de78 -> 
  custom:SearchIndexIgnoredProperties: e643bd26f0fe6173181afceb89e7c659 -> 
  custom:AudioImporter_EditorPlatform: 3918e3fc78b5a79bad01e8451be0beb8 -> 
  custom:framework-osx-AVFoundation: e770b220cccbd017edd2c1fefb359320 -> 
  custom:video-encoder-webm-vp8: eb34c28f22e8b96e1ab97ce403110664 -> 
  custom:audio-decoder-ogg-vorbis: bf7c407c2cedff20999df2af8eb42d56 -> 
  custom:audio-encoder-webm-vorbis: bf7c407c2cedff20999df2af8eb42d56 -> 
========================================================================
Received Import Request.
  Time since last request: 1160.480254 seconds.
  path: Assets/Art
  artifactKey: Guid(551efcb8e2f0744e6939687586134026) Importer(815301076,1909f56bfc062723c751e8b465ee728b)
Start importing Assets/Art using Guid(551efcb8e2f0744e6939687586134026) Importer(815301076,1909f56bfc062723c751e8b465ee728b)  -> (artifact id: '542890d628f8c3712292af8b5e53329f') in 0.001064 seconds
Number of updated asset objects reloaded before import = 0
Number of asset objects unloaded after import = 0
========================================================================
Received Import Request.
  Time since last request: 159.978489 seconds.
  path: Assets/Art/kenney_rpg-audio
  artifactKey: Guid(ef3a1a4d17c624bf8a9c2dc35b1caad2) Importer(815301076,1909f56bfc062723c751e8b465ee728b)
Start importing Assets/Art/kenney_rpg-audio using Guid(ef3a1a4d17c624bf8a9c2dc35b1caad2) Importer(815301076,1909f56bfc062723c751e8b465ee728b)  -> (artifact id: '97ba84d408d77b95b2c02797ce241e48') in 0.000618 seconds
Number of updated asset objects reloaded before import = 0
Number of asset objects unloaded after import = 0
========================================================================
Received Import Request.
  Time since last request: 0.079902 seconds.
  path: Assets/Art/kenney_rpg-audio/Preview.ogg
  artifactKey: Guid(1043b4c404bcd4227aa459f5357bb575) Importer(815301076,1909f56bfc062723c751e8b465ee728b)
Start importing Assets/Art/kenney_rpg-audio/Preview.ogg using Guid(1043b4c404bcd4227aa459f5357bb575) Importer(815301076,1909f56bfc062723c751e8b465ee728b)  -> (artifact id: '07a79d2d16c99aa16512adaef650fa25') in 0.102571 seconds
Number of updated asset objects reloaded before import = 0
Number of asset objects unloaded after import = 2
========================================================================
Received Import Request.
  Time since last request: 90.024237 seconds.
  path: Assets/Art/kenney_rpg-audio/New Folder
  artifactKey: Guid(c6aff1748dced4063b738558256c993d) Importer(815301076,1909f56bfc062723c751e8b465ee728b)
Start importing Assets/Art/kenney_rpg-audio/New Folder using Guid(c6aff1748dced4063b738558256c993d) Importer(815301076,1909f56bfc062723c751e8b465ee728b)  -> (artifact id: 'c0a3b2e8553afe6960a88a7f5e1c1bc9') in 0.000390 seconds
Number of updated asset objects reloaded before import = 0
Number of asset objects unloaded after import = 0
========================================================================
Received Import Request.
  Time since last request: 73.539613 seconds.
  path: Assets/Art/banner.fbx
  artifactKey: Guid(d91ffa60438d641119c794cc1709b949) Importer(815301076,1909f56bfc062723c751e8b465ee728b)
Start importing Assets/Art/banner.fbx using Guid(d91ffa60438d641119c794cc1709b949) Importer(815301076,1909f56bfc062723c751e8b465ee728b)  -> (artifact id: '0583bae928843d3bd0a8c70dcaa61160') in 0.200902 seconds
Number of updated asset objects reloaded before import = 0
Number of asset objects unloaded after import = 9
========================================================================
Received Import Request.
  Time since last request: 0.000026 seconds.
  path: Assets/Art/trap.fbx
  artifactKey: Guid(bb2b3f4c90e3d4a56982b816de63b5cf) Importer(815301076,1909f56bfc062723c751e8b465ee728b)
Start importing Assets/Art/trap.fbx using Guid(bb2b3f4c90e3d4a56982b816de63b5cf) Importer(815301076,1909f56bfc062723c751e8b465ee728b)  -> (artifact id: 'b853945beb7ecb7b971e39d087388d46') in 0.010435 seconds
Number of updated asset objects reloaded before import = 0
Number of asset objects unloaded after import = 17
========================================================================
Received Import Request.
  Time since last request: 0.000022 seconds.
  path: Assets/Art/coin.fbx
  artifactKey: Guid(6b3d46b63aeaf40ce885fc9d84e327b7) Importer(815301076,1909f56bfc062723c751e8b465ee728b)
Start importing Assets/Art/coin.fbx using Guid(6b3d46b63aeaf40ce885fc9d84e327b7) Importer(815301076,1909f56bfc062723c751e8b465ee728b)  -> (artifact id: '19e39daf2f11d549ccb139ae6cca3efc') in 0.005905 seconds
Number of updated asset objects reloaded before import = 0
Number of asset objects unloaded after import = 9
========================================================================
Received Import Request.
  Time since last request: 0.000039 seconds.
  path: Assets/Art/wall-narrow.fbx
  artifactKey: Guid(ebb467964dc63499990d38de2e574c68) Importer(815301076,1909f56bfc062723c751e8b465ee728b)
Start importing Assets/Art/wall-narrow.fbx using Guid(ebb467964dc63499990d38de2e574c68) Importer(815301076,1909f56bfc062723c751e8b465ee728b)  -> (artifact id: 'aa035cc97b062dcb612d15f19c56331c') in 0.005580 seconds
Number of updated asset objects reloaded before import = 0
Number of asset objects unloaded after import = 9
========================================================================
Received Import Request.
  Time since last request: 0.000064 seconds.
  path: Assets/Art/column.fbx
  artifactKey: Guid(fc1480102837a4d94b553b4b2829ed47) Importer(815301076,1909f56bfc062723c751e8b465ee728b)
Start importing Assets/Art/column.fbx using Guid(fc1480102837a4d94b553b4b2829ed47) Importer(815301076,1909f56bfc062723c751e8b465ee728b)  -> (artifact id: '54937d4ec3c74ab52e306079e0b3ecc3') in 0.005698 seconds
Number of updated asset objects reloaded before import = 0
Number of asset objects unloaded after import = 9
========================================================================
Received Import Request.
  Time since last request: 0.000031 seconds.
  path: Assets/Art/stones.fbx
  artifactKey: Guid(e5e063f06c45748cb9c83d2c670d1bcc) Importer(815301076,1909f56bfc062723c751e8b465ee728b)
Start importing Assets/Art/stones.fbx using Guid(e5e063f06c45748cb9c83d2c670d1bcc) Importer(815301076,1909f56bfc062723c751e8b465ee728b)  -> (artifact id: 'e7773f2656eede91b91fbccbffd18835') in 0.006268 seconds
Number of updated asset objects reloaded before import = 0
Number of asset objects unloaded after import = 9
========================================================================
Received Import Request.
  Time since last request: 0.000043 seconds.
  path: Assets/Art/stairs.fbx
  artifactKey: Guid(166df9f5888f740d4b827b6d2eb82339) Importer(815301076,1909f56bfc062723c751e8b465ee728b)
Start importing Assets/Art/stairs.fbx using Guid(166df9f5888f740d4b827b6d2eb82339) Importer(815301076,1909f56bfc062723c751e8b465ee728b)  -> (artifact id: '8153b575a51638fd85a4fc32aa7a1c73') in 0.006302 seconds
Number of updated asset objects reloaded before import = 0
Number of asset objects unloaded after import = 9
========================================================================
Received Import Request.
  Time since last request: 0.000064 seconds.
  path: Assets/Art/gate.fbx
  artifactKey: Guid(aa4d971c1de274878898cb3b052ab635) Importer(815301076,1909f56bfc062723c751e8b465ee728b)
Start importing Assets/Art/gate.fbx using Guid(aa4d971c1de274878898cb3b052ab635) Importer(815301076,1909f56bfc062723c751e8b465ee728b)  -> (artifact id: 'a07c3730aff8a09b2b0915f0c4321ae7') in 0.008041 seconds
Number of updated asset objects reloaded before import = 0
Number of asset objects unloaded after import = 14
========================================================================
Received Import Request.
  Time since last request: 0.000035 seconds.
  path: Assets/Art/floor.fbx
  artifactKey: Guid(5f0a1d8a814f0451ca0cf9c0d6e941e5) Importer(815301076,1909f56bfc062723c751e8b465ee728b)
Start importing Assets/Art/floor.fbx using Guid(5f0a1d8a814f0451ca0cf9c0d6e941e5) Importer(815301076,1909f56bfc062723c751e8b465ee728b)  -> (artifact id: '5da40770dabf69305b7b6ff01639a136') in 0.005862 seconds
Number of updated asset objects reloaded before import = 0
Number of asset objects unloaded after import = 9
========================================================================
Received Import Request.
  Time since last request: 0.000107 seconds.
  path: Assets/Art/character-human.fbx
  artifactKey: Guid(10795b9183a5d433cada47e974debd61) Importer(815301076,1909f56bfc062723c751e8b465ee728b)
Start importing Assets/Art/character-human.fbx using Guid(10795b9183a5d433cada47e974debd61) Importer(815301076,1909f56bfc062723c751e8b465ee728b)  -> (artifact id: '0d99cefbc9f84e5db9f565006af9d047') in 0.020171 seconds
Number of updated asset objects reloaded before import = 0
Number of asset objects unloaded after import = 63
========================================================================
Received Import Request.
  Time since last request: 0.000027 seconds.
  path: Assets/Art/dirt.fbx
  artifactKey: Guid(b9b1bb8c563194e93bdc6623aa0180ba) Importer(815301076,1909f56bfc062723c751e8b465ee728b)
Start importing Assets/Art/dirt.fbx using Guid(b9b1bb8c563194e93bdc6623aa0180ba) Importer(815301076,1909f56bfc062723c751e8b465ee728b)  -> (artifact id: 'a0bdf6765a53fa705fc05f63d7dd32e0') in 0.006273 seconds
Number of updated asset objects reloaded before import = 0
Number of asset objects unloaded after import = 9
========================================================================
Received Import Request.
  Time since last request: 0.682814 seconds.
  path: Assets/Audio/beltHandle1.ogg
  artifactKey: Guid(c323cf11864d24f04a8feaffb619c7de) Importer(815301076,1909f56bfc062723c751e8b465ee728b)
Start importing Assets/Audio/beltHandle1.ogg using Guid(c323cf11864d24f04a8feaffb619c7de) Importer(815301076,1909f56bfc062723c751e8b465ee728b)  -> (artifact id: 'a64f794dddc9ef551368891981c99380') in 0.003326 seconds
Number of updated asset objects reloaded before import = 0
Number of asset objects unloaded after import = 2
========================================================================
Received Import Request.
  Time since last request: 0.000108 seconds.
  path: Assets/Audio/bookPlace2.ogg
  artifactKey: Guid(d1662f5746a3946f68b0f23f2ad55590) Importer(815301076,1909f56bfc062723c751e8b465ee728b)
Start importing Assets/Audio/bookPlace2.ogg using Guid(d1662f5746a3946f68b0f23f2ad55590) Importer(815301076,1909f56bfc062723c751e8b465ee728b)  -> (artifact id: 'd6d64abf71e7e72336597077a89d6456') in 0.002200 seconds
Number of updated asset objects reloaded before import = 0
Number of asset objects unloaded after import = 2
========================================================================
Received Import Request.
  Time since last request: 0.000066 seconds.
  path: Assets/Audio/cloth1.ogg
  artifactKey: Guid(75aab92f6e4594c99ab42d4b909dacab) Importer(815301076,1909f56bfc062723c751e8b465ee728b)
Start importing Assets/Audio/cloth1.ogg using Guid(75aab92f6e4594c99ab42d4b909dacab) Importer(815301076,1909f56bfc062723c751e8b465ee728b)  -> (artifact id: '624012f81441ca36a05e91bea7742c06') in 0.001819 seconds
Number of updated asset objects reloaded before import = 0
Number of asset objects unloaded after import = 2
========================================================================
Received Import Request.
  Time since last request: 0.000099 seconds.
  path: Assets/Audio/clothBelt2.ogg
  artifactKey: Guid(e34ec91d5f9034550bc4ed614a4bd571) Importer(815301076,1909f56bfc062723c751e8b465ee728b)
Start importing Assets/Audio/clothBelt2.ogg using Guid(e34ec91d5f9034550bc4ed614a4bd571) Importer(815301076,1909f56bfc062723c751e8b465ee728b)  -> (artifact id: '0c510c6ac7e1fb8737edae5ba1cebee7') in 0.001915 seconds
Number of updated asset objects reloaded before import = 0
Number of asset objects unloaded after import = 2
========================================================================
Received Import Request.
  Time since last request: 0.000093 seconds.
  path: Assets/Audio/bookPlace3.ogg
  artifactKey: Guid(9e12edf56a7ce4f568ed8c1601f2d039) Importer(815301076,1909f56bfc062723c751e8b465ee728b)
Start importing Assets/Audio/bookPlace3.ogg using Guid(9e12edf56a7ce4f568ed8c1601f2d039) Importer(815301076,1909f56bfc062723c751e8b465ee728b)  -> (artifact id: '711809e61a7a9d8217c38e747fe2234f') in 0.002028 seconds
Number of updated asset objects reloaded before import = 0
Number of asset objects unloaded after import = 2
========================================================================
Received Import Request.
  Time since last request: 0.000077 seconds.
  path: Assets/Audio/cloth4.ogg
  artifactKey: Guid(092c4dadd44574e13b3960ecb12b0b00) Importer(815301076,1909f56bfc062723c751e8b465ee728b)
Start importing Assets/Audio/cloth4.ogg using Guid(092c4dadd44574e13b3960ecb12b0b00) Importer(815301076,1909f56bfc062723c751e8b465ee728b)  -> (artifact id: '15e136811a1a9eb93a096eda5bfc871a') in 0.001941 seconds
Number of updated asset objects reloaded before import = 0
Number of asset objects unloaded after import = 2
========================================================================
Received Import Request.
  Time since last request: 0.000061 seconds.
  path: Assets/Audio/cloth2.ogg
  artifactKey: Guid(8590f40228d5844e8a8164190f7b7d22) Importer(815301076,1909f56bfc062723c751e8b465ee728b)
Start importing Assets/Audio/cloth2.ogg using Guid(8590f40228d5844e8a8164190f7b7d22) Importer(815301076,1909f56bfc062723c751e8b465ee728b)  -> (artifact id: '6c150cf0de824d45e43565e2598ab4e7') in 0.002061 seconds
Number of updated asset objects reloaded before import = 0
Number of asset objects unloaded after import = 2
========================================================================
Received Import Request.
  Time since last request: 0.000058 seconds.
  path: Assets/Audio/cloth3.ogg
  artifactKey: Guid(6ad8ee944402646308003fbf557f8c80) Importer(815301076,1909f56bfc062723c751e8b465ee728b)
Start importing Assets/Audio/cloth3.ogg using Guid(6ad8ee944402646308003fbf557f8c80) Importer(815301076,1909f56bfc062723c751e8b465ee728b)  -> (artifact id: '87ff13b17507e6785456c58357dd6ad5') in 0.001824 seconds
Number of updated asset objects reloaded before import = 0
Number of asset objects unloaded after import = 2
========================================================================
Received Import Request.
  Time since last request: 0.000075 seconds.
  path: Assets/Audio/creak2.ogg
  artifactKey: Guid(b963d45b2403848ffbdf60d06bddc5cb) Importer(815301076,1909f56bfc062723c751e8b465ee728b)
Start importing Assets/Audio/creak2.ogg using Guid(b963d45b2403848ffbdf60d06bddc5cb) Importer(815301076,1909f56bfc062723c751e8b465ee728b)  -> (artifact id: 'b48d02994c1ce717c5922cb4bafacbd8') in 0.002126 seconds
Number of updated asset objects reloaded before import = 0
Number of asset objects unloaded after import = 2
========================================================================
Received Import Request.
  Time since last request: 0.000066 seconds.
  path: Assets/Audio/creak1.ogg
  artifactKey: Guid(794c4dcad22cd469993af8fbe8e3810a) Importer(815301076,1909f56bfc062723c751e8b465ee728b)
Start importing Assets/Audio/creak1.ogg using Guid(794c4dcad22cd469993af8fbe8e3810a) Importer(815301076,1909f56bfc062723c751e8b465ee728b)  -> (artifact id: 'dc7de152f8c1a00615334d664afbbb3b') in 0.001844 seconds
Number of updated asset objects reloaded before import = 0
Number of asset objects unloaded after import = 2
========================================================================
Received Import Request.
  Time since last request: 0.000078 seconds.
  path: Assets/Audio/bookFlip2.ogg
  artifactKey: Guid(731108897264f416d9d7b6794d451a1a) Importer(815301076,1909f56bfc062723c751e8b465ee728b)
Start importing Assets/Audio/bookFlip2.ogg using Guid(731108897264f416d9d7b6794d451a1a) Importer(815301076,1909f56bfc062723c751e8b465ee728b)  -> (artifact id: '2577684834bf8065d728eaaebfdb0f37') in 0.001791 seconds
Number of updated asset objects reloaded before import = 0
Number of asset objects unloaded after import = 2
========================================================================
Received Import Request.
  Time since last request: 0.000089 seconds.
  path: Assets/Audio/creak3.ogg
  artifactKey: Guid(74a293e06d29344adb778f0febd6c298) Importer(815301076,1909f56bfc062723c751e8b465ee728b)
Start importing Assets/Audio/creak3.ogg using Guid(74a293e06d29344adb778f0febd6c298) Importer(815301076,1909f56bfc062723c751e8b465ee728b)  -> (artifact id: '194a18d7e128ba9b8aa01d06f83a9e72') in 0.002190 seconds
Number of updated asset objects reloaded before import = 0
Number of asset objects unloaded after import = 2
========================================================================
Received Import Request.
  Time since last request: 0.000077 seconds.
  path: Assets/Audio/bookFlip1.ogg
  artifactKey: Guid(a135e6ae4ae2946c584b5c3586c75bfd) Importer(815301076,1909f56bfc062723c751e8b465ee728b)
Start importing Assets/Audio/bookFlip1.ogg using Guid(a135e6ae4ae2946c584b5c3586c75bfd) Importer(815301076,1909f56bfc062723c751e8b465ee728b)  -> (artifact id: 'f6949869f4bc7489ff6681543ac4a6cc') in 0.001900 seconds
Number of updated asset objects reloaded before import = 0
Number of asset objects unloaded after import = 2
========================================================================
Received Import Request.
  Time since last request: 0.000097 seconds.
  path: Assets/Audio/bookClose.ogg
  artifactKey: Guid(b19612c18f9044bb5ae018ef57d80a6f) Importer(815301076,1909f56bfc062723c751e8b465ee728b)
Start importing Assets/Audio/bookClose.ogg using Guid(b19612c18f9044bb5ae018ef57d80a6f) Importer(815301076,1909f56bfc062723c751e8b465ee728b)  -> (artifact id: '989ab98553bf78706bb38f33e2a938eb') in 0.001932 seconds
Number of updated asset objects reloaded before import = 0
Number of asset objects unloaded after import = 2
========================================================================
Received Import Request.
  Time since last request: 0.000056 seconds.
  path: Assets/Audio/bookFlip3.ogg
  artifactKey: Guid(41c04fb4b5bf441919f60cb3fa80c50b) Importer(815301076,1909f56bfc062723c751e8b465ee728b)
Start importing Assets/Audio/bookFlip3.ogg using Guid(41c04fb4b5bf441919f60cb3fa80c50b) Importer(815301076,1909f56bfc062723c751e8b465ee728b)  -> (artifact id: '32e50ada5242e41aae1176a2231f8ae7') in 0.001859 seconds
Number of updated asset objects reloaded before import = 0
Number of asset objects unloaded after import = 2
========================================================================
Received Import Request.
  Time since last request: 0.000078 seconds.
  path: Assets/Audio/chop.ogg
  artifactKey: Guid(feca37f6cf43c4ee0bdf2f5a0b9970a9) Importer(815301076,1909f56bfc062723c751e8b465ee728b)
Start importing Assets/Audio/chop.ogg using Guid(feca37f6cf43c4ee0bdf2f5a0b9970a9) Importer(815301076,1909f56bfc062723c751e8b465ee728b)  -> (artifact id: '964dbe339a9493d5ad5acd4750d24c5d') in 0.002138 seconds
Number of updated asset objects reloaded before import = 0
Number of asset objects unloaded after import = 2
========================================================================
Received Import Request.
  Time since last request: 0.000076 seconds.
  path: Assets/Audio/clothBelt.ogg
  artifactKey: Guid(4d870f880aecc440baed7d03f0fe3743) Importer(815301076,1909f56bfc062723c751e8b465ee728b)
Start importing Assets/Audio/clothBelt.ogg using Guid(4d870f880aecc440baed7d03f0fe3743) Importer(815301076,1909f56bfc062723c751e8b465ee728b)  -> (artifact id: 'bfbcbe86cfc72b07b5f50faec60d56e3') in 0.001890 seconds
Number of updated asset objects reloaded before import = 0
Number of asset objects unloaded after import = 2
========================================================================
Received Import Request.
  Time since last request: 0.000071 seconds.
  path: Assets/Audio/bookOpen.ogg
  artifactKey: Guid(3963e3872373741d3bb54478b6687659) Importer(815301076,1909f56bfc062723c751e8b465ee728b)
Start importing Assets/Audio/bookOpen.ogg using Guid(3963e3872373741d3bb54478b6687659) Importer(815301076,1909f56bfc062723c751e8b465ee728b)  -> (artifact id: '023b91424324dde8c26a3120c94e5654') in 0.001975 seconds
Number of updated asset objects reloaded before import = 0
Number of asset objects unloaded after import = 2
========================================================================
Received Import Request.
  Time since last request: 0.000093 seconds.
  path: Assets/Audio/doorClose_1.ogg
  artifactKey: Guid(e1521db207f7246468b8434c73929006) Importer(815301076,1909f56bfc062723c751e8b465ee728b)
Start importing Assets/Audio/doorClose_1.ogg using Guid(e1521db207f7246468b8434c73929006) Importer(815301076,1909f56bfc062723c751e8b465ee728b)  -> (artifact id: 'b265b3815eec3f6db6aba3d5a7b30f33') in 0.001980 seconds
Number of updated asset objects reloaded before import = 0
Number of asset objects unloaded after import = 2
========================================================================
Received Import Request.
  Time since last request: 0.000114 seconds.
  path: Assets/Audio/bookPlace1.ogg
  artifactKey: Guid(ab2261d9ae33b44839390d33417b059f) Importer(815301076,1909f56bfc062723c751e8b465ee728b)
Start importing Assets/Audio/bookPlace1.ogg using Guid(ab2261d9ae33b44839390d33417b059f) Importer(815301076,1909f56bfc062723c751e8b465ee728b)  -> (artifact id: '9068536111d53e84c7247c9782212913') in 0.002468 seconds
Number of updated asset objects reloaded before import = 0
Number of asset objects unloaded after import = 2
